1520199412110	geckodriver	INFO	geckodriver 0.18.0
1520199412204	geckodriver	INFO	Listening on 127.0.0.1:56391
1520199414251	geckodriver::marionette	INFO	Starting browser C:\Program Files (x86)\Mozilla Firefox\firefox.exe with args ["-marionette"]
Unable to read VR Path Registry from C:\Users\CrazyDog\AppData\Local\openvr\openvrpaths.vrpath
1520199419787	Marionette	INFO	Enabled via --marionette
Unable to read VR Path Registry from C:\Users\CrazyDog\AppData\Local\openvr\openvrpaths.vrpath
Unable to read VR Path Registry from C:\Users\CrazyDog\AppData\Local\openvr\openvrpaths.vrpath
Unable to read VR Path Registry from C:\Users\CrazyDog\AppData\Local\openvr\openvrpaths.vrpath
Unable to read VR Path Registry from C:\Users\CrazyDog\AppData\Local\openvr\openvrpaths.vrpath
1520199427738	Marionette	INFO	Listening on port 56399
1520199428225	Marionette	WARN	TLS certificate errors will be ignored for this session
1520199471788	geckodriver	INFO	geckodriver 0.18.0
1520199471799	geckodriver	INFO	Listening on 127.0.0.1:56451
1520199473855	geckodriver::marionette	INFO	Starting browser C:\Program Files (x86)\Mozilla Firefox\firefox.exe with args ["-marionette"]
Unable to read VR Path Registry from C:\Users\CrazyDog\AppData\Local\openvr\openvrpaths.vrpath
1520199475275	Marionette	INFO	Enabled via --marionette
Unable to read VR Path Registry from C:\Users\CrazyDog\AppData\Local\openvr\openvrpaths.vrpath
Unable to read VR Path Registry from C:\Users\CrazyDog\AppData\Local\openvr\openvrpaths.vrpath
Unable to read VR Path Registry from C:\Users\CrazyDog\AppData\Local\openvr\openvrpaths.vrpath
Unable to read VR Path Registry from C:\Users\CrazyDog\AppData\Local\openvr\openvrpaths.vrpath
1520199478977	Marionette	INFO	Listening on port 56458
1520199480278	Marionette	WARN	TLS certificate errors will be ignored for this session
1520199508433	geckodriver	INFO	geckodriver 0.18.0
1520199508443	geckodriver	INFO	Listening on 127.0.0.1:56502
1520199510542	geckodriver::marionette	INFO	Starting browser C:\Program Files (x86)\Mozilla Firefox\firefox.exe with args ["-marionette"]
Unable to read VR Path Registry from C:\Users\CrazyDog\AppData\Local\openvr\openvrpaths.vrpath
1520199511670	Marionette	INFO	Enabled via --marionette
Unable to read VR Path Registry from C:\Users\CrazyDog\AppData\Local\openvr\openvrpaths.vrpath
Unable to read VR Path Registry from C:\Users\CrazyDog\AppData\Local\openvr\openvrpaths.vrpath
Unable to read VR Path Registry from C:\Users\CrazyDog\AppData\Local\openvr\openvrpaths.vrpath
Unable to read VR Path Registry from C:\Users\CrazyDog\AppData\Local\openvr\openvrpaths.vrpath
1520199514012	Marionette	INFO	Listening on port 56509
1520199514433	Marionette	WARN	TLS certificate errors will be ignored for this session
1520199556114	geckodriver	INFO	geckodriver 0.18.0
1520199556124	geckodriver	INFO	Listening on 127.0.0.1:56553
1520199558224	geckodriver::marionette	INFO	Starting browser C:\Program Files (x86)\Mozilla Firefox\firefox.exe with args ["-marionette"]
Unable to read VR Path Registry from C:\Users\CrazyDog\AppData\Local\openvr\openvrpaths.vrpath
1520199559453	Marionette	INFO	Enabled via --marionette
Unable to read VR Path Registry from C:\Users\CrazyDog\AppData\Local\openvr\openvrpaths.vrpath
Unable to read VR Path Registry from C:\Users\CrazyDog\AppData\Local\openvr\openvrpaths.vrpath
Unable to read VR Path Registry from C:\Users\CrazyDog\AppData\Local\openvr\openvrpaths.vrpath
Unable to read VR Path Registry from C:\Users\CrazyDog\AppData\Local\openvr\openvrpaths.vrpath
1520199561816	Marionette	INFO	Listening on port 56559
1520199562168	Marionette	WARN	TLS certificate errors will be ignored for this session
1520199651652	geckodriver	INFO	geckodriver 0.18.0
1520199651664	geckodriver	INFO	Listening on 127.0.0.1:56608
1520199653743	geckodriver::marionette	INFO	Starting browser C:\Program Files (x86)\Mozilla Firefox\firefox.exe with args ["-marionette"]
Unable to read VR Path Registry from C:\Users\CrazyDog\AppData\Local\openvr\openvrpaths.vrpath
1520199654963	Marionette	INFO	Enabled via --marionette
Unable to read VR Path Registry from C:\Users\CrazyDog\AppData\Local\openvr\openvrpaths.vrpath
Unable to read VR Path Registry from C:\Users\CrazyDog\AppData\Local\openvr\openvrpaths.vrpath
Unable to read VR Path Registry from C:\Users\CrazyDog\AppData\Local\openvr\openvrpaths.vrpath
1520199657372	Marionette	INFO	Listening on port 56614
Unable to read VR Path Registry from C:\Users\CrazyDog\AppData\Local\openvr\openvrpaths.vrpath
1520199657639	Marionette	WARN	TLS certificate errors will be ignored for this session
[Parent 2484, Gecko_IOThread] WARNING: pipe error: 109: file z:/build/build/src/ipc/chromium/src/chrome/common/ipc_channel_win.cc, line 346
[Child 20052, Chrome_ChildThread] WARNING: pipe error: 109: file z:/build/build/src/ipc/chromium/src/chrome/common/ipc_channel_win.cc, line 346
[Child 20052, Chrome_ChildThread] WARNING: pipe error: [Child 6736, Chrome_ChildThread] WARNING: pipe error: 109: file z:/build/build/src/ipc/chromium/src/chrome/common/ipc_channel_win.cc, line 346
*** UTM:SVC TimerManager:registerTimer called after profile-before-change notification. Ignoring timer registration for id: telemetry_modules_ping

###!!! [Child][MessageChannel::SendAndWait] Error: Channel error: cannot send/recv

1520202175214	geckodriver	INFO	geckodriver 0.18.0
1520202175229	geckodriver	INFO	Listening on 127.0.0.1:56903
1520202177367	geckodriver::marionette	INFO	Starting browser C:\Program Files (x86)\Mozilla Firefox\firefox.exe with args ["-marionette"]
Unable to read VR Path Registry from C:\Users\CrazyDog\AppData\Local\openvr\openvrpaths.vrpath
1520202178596	Marionette	INFO	Enabled via --marionette
Unable to read VR Path Registry from C:\Users\CrazyDog\AppData\Local\openvr\openvrpaths.vrpath
Unable to read VR Path Registry from C:\Users\CrazyDog\AppData\Local\openvr\openvrpaths.vrpath
Unable to read VR Path Registry from C:\Users\CrazyDog\AppData\Local\openvr\openvrpaths.vrpath
Unable to read VR Path Registry from C:\Users\CrazyDog\AppData\Local\openvr\openvrpaths.vrpath
1520202180963	Marionette	INFO	Listening on port 56911
1520202181394	Marionette	WARN	TLS certificate errors will be ignored for this session
[Parent 15924, Gecko_IOThread] WARNING: pipe error: 109: file z:/build/build/src/ipc/chromium/src/chrome/common/ipc_channel_win.cc, line 346
[Child 18908, Chrome_ChildThread] WARNING: pipe error: 109: file z:/build/build/src/ipc/chromium/src/chrome/common/ipc_channel_win.cc, line 346
[Child 18908, Chrome_ChildThread] WARN[Parent 15924, Gecko_IOThread] WARNING: pipe error: 109: file z:/build/build/src/ipc/chromium/src/chrome/common/ipc_channel_win.cc, line 346
[
###!!! [Child][MessageChannel::SendAndWait] Error: Channel error: cannot send/recv

a\Local\openvr\openvrpaths.vrpath
Unable to read VR Path Registry from C:\Users\CrazyDog\AppData\Local\openvr\openvrpaths.vrpath
1520202252256	Marionette	INFO	Listening on port 56975
Unable to read VR Path Registry from C:\Users\CrazyDog\AppData\Local\openvr\openvrpaths.vrpath
1520202252499	Marionette	WARN	TLS certificate errors will be ignored for this session
console.warn: LoginRecipes: getRecipes: falling back to a synchronous message for: http://automationpractice.com
console.warn: nsLoginManager: searchLogins: `formSubmitURL` or `httpRealm` is recommended
[Child 2880, Chrome_ChildThread] WARNING: pipe error: 109: file z:/build/build/src/ipc/chromium/src/chrome/common/ipc_channel[Child 15676, Chrome_ChildThread] WARNING: pipe error: 109: file z:/build/build/src/ipc/chromium/src/chrome/common/ipc_ch_annel_win.cc, line 346
win.cc, line 346[Child 15676
[Child 2880, Chrome_ChildThread] WARNING: pipe error: 109: file z:/build/build/src/ipc/chromium/src/chrome/common/ipc_channel_win.cc, line 346

###!!! [Child][MessageChannel::SendAndWait] Error: Channel error: cannot send/recv

1520202718593	geckodriver	INFO	geckodriver 0.18.0
1520202718608	geckodriver	INFO	Listening on 127.0.0.1:57064
1520202720983	geckodriver::marionette	INFO	Starting browser C:\Program Files (x86)\Mozilla Firefox\firefox.exe with args ["-marionette"]
Unable to read VR Path Registry from C:\Users\CrazyDog\AppData\Local\openvr\openvrpaths.vrpath
1520202722260	Marionette	INFO	Enabled via --marionette
Unable to read VR Path Registry from C:\Users\CrazyDog\AppData\Local\openvr\openvrpaths.vrpath
Unable to read VR Path Registry from C:\Users\CrazyDog\AppData\Local\openvr\openvrpaths.vrpath
Unable to read VR Path Registry from C:\Users\CrazyDog\AppData\Local\openvr\openvrpaths.vrpath
Unable to read VR Path Registry from C:\Users\CrazyDog\AppData\Local\openvr\openvrpaths.vrpath
1520202724513	Marionette	INFO	Listening on port 57070
1520202724965	Marionette	WARN	TLS certificate errors will be ignored for this session
[Child 12080, Chrome_ChildThread] WARNING: pipe error: 109: file z:/build/build/src/ipc/chromium/src/chrome/common/ipc_channel_win.cc, line 346
[Child 7996, Chrome_ChildThread] WARNING: pipe error: 109: file z:/build/build/src/ipc/chromium/src/chrome/common/ipc_channel_win.cc, line 346
[Child 7996, Chrome_ChildThread] WARNING: p[Parent 15692, Gecko_IOThread] WARNING: pipe error: 109: file z:/build/build/src/ipc/chromium/src/chrome/common/ipc_channel_win.cc, line 346

###!!! [Child][MessageChannel::SendAndWait] Error: Channel error: cannot send/recv

1520203051256	geckodriver	INFO	geckodriver 0.18.0
1520203051266	geckodriver	INFO	Listening on 127.0.0.1:57138
1520203053384	geckodriver::marionette	INFO	Starting browser C:\Program Files (x86)\Mozilla Firefox\firefox.exe with args ["-marionette"]
Unable to read VR Path Registry from C:\Users\CrazyDog\AppData\Local\openvr\openvrpaths.vrpath
1520203054779	Marionette	INFO	Enabled via --marionette
Unable to read VR Path Registry from C:\Users\CrazyDog\AppData\Local\openvr\openvrpaths.vrpath
Unable to read VR Path Registry from C:\Users\CrazyDog\AppData\Local\openvr\openvrpaths.vrpath
Unable to read VR Path Registry from C:\Users\CrazyDog\AppData\Local\openvr\openvrpaths.vrpath
Unable to read VR Path Registry from C:\Users\CrazyDog\AppData\Local\openvr\openvrpaths.vrpath
1520203057252	Marionette	INFO	Listening on port 57145
1520203057379	Marionette	WARN	TLS certificate errors will be ignored for this session
IPDL protocol error: Handler returned error code!

###!!! [Parent][DispatchAsyncMessage] Error: PAPZCTreeManager::Msg_SetTargetAPZC Processing error: message was deserialized, but the handler returned false (indicating failure)

[Child 11932, Chrome_ChildThread] WARNING: pi
###!!! [Child][MessageChannel::SendAndWait] Error: Channel error: cannot send/recv

er::marionette	INFO	Starting browser C:\Program Files (x86)\Mozilla Firefox\firefox.exe with args ["-marionette"]
Unable to read VR Path Registry from C:\Users\CrazyDog\AppData\Local\openvr\openvrpaths.vrpath
1520203248161	Marionette	INFO	Enabled via --marionette
Unable to read VR Path Registry from C:\Users\CrazyDog\AppData\Local\openvr\openvrpaths.vrpath
Unable to read VR Path Registry from C:\Users\CrazyDog\AppData\Local\openvr\openvrpaths.vrpath
Unable to read VR Path Registry from C:\Users\CrazyDog\AppData\Local\openvr\openvrpaths.vrpath
Unable to read VR Path Registry from C:\Users\CrazyDog\AppData\Local\openvr\openvrpaths.vrpath
1520203250640	Marionette	INFO	Listening on port 57210
1520203250964	Marionette	WARN	TLS certificate errors will be ignored for this session
[Child 15020, Chrome_ChildThread] WARNING: pipe error: 109: file z:/build/build/src/ipc/chromium/src/chrome/common/ipc_channel_win.cc, line 346
[Child 19496, Chrome_ChildThread] WARNING: pipe error: 109: file z:/build/build/src/ipc/chromium/src/chrome/common/ipc_channel_win.cc, line 346
[Child 19496, Chrome_Chil
###!!! [Child][MessageChannel::SendAndWait] Error: Channel error: cannot send/recv

1520203767624	geckodriver	INFO	geckodriver 0.18.0
1520203767640	geckodriver	INFO	Listening on 127.0.0.1:57340
1520203769787	geckodriver::marionette	INFO	Starting browser C:\Program Files (x86)\Mozilla Firefox\firefox.exe with args ["-marionette"]
Unable to read VR Path Registry from C:\Users\CrazyDog\AppData\Local\openvr\openvrpaths.vrpath
1520203771164	Marionette	INFO	Enabled via --marionette
Unable to read VR Path Registry from C:\Users\CrazyDog\AppData\Local\openvr\openvrpaths.vrpath
Unable to read VR Path Registry from C:\Users\CrazyDog\AppData\Local\openvr\openvrpaths.vrpath
Unable to read VR Path Registry from C:\Users\CrazyDog\AppData\Local\openvr\openvrpaths.vrpath
Unable to read VR Path Registry from C:\Users\CrazyDog\AppData\Local\openvr\openvrpaths.vrpath
1520203773501	Marionette	INFO	Listening on port 57348
1520203773869	Marionette	WARN	TLS certificate errors will be ignored for this session
[Child 14760, Chrome_ChildThread] WARNING: pipe error: 109: file z:/build/build/src/ipc/chromium/src/chrome/common/ipc_channel_win.cc, line 346
[Child 14760, Chrome_ChildThread] WARNING: pipe error:
###!!! [Child][MessageChannel::SendAndWait] Error: Channel error: cannot send/recv

Users\CrazyDog\AppData\Local\openvr\openvrpaths.vrpath
1520204002885	Marionette	INFO	Enabled via --marionette
Unable to read VR Path Registry from C:\Users\CrazyDog\AppData\Local\openvr\openvrpaths.vrpath
Unable to read VR Path Registry from C:\Users\CrazyDog\AppData\Local\openvr\openvrpaths.vrpath
Unable to read VR Path Registry from C:\Users\CrazyDog\AppData\Local\openvr\openvrpaths.vrpath
Unable to read VR Path Registry from C:\Users\CrazyDog\AppData\Local\openvr\openvrpaths.vrpath
1520204005231	Marionette	INFO	Listening on port 57420
1520204005690	Marionette	WARN	TLS certificate errors will be ignored for this session
[Child 20432, Chrome_ChildThread] WARNING: pipe error: 109: file z:/build/build/src/ipc/chromium/src/chrome/common/ipc_channel_win.cc, line 346
[Child 17768, Chrome_ChildThread] WARNING: pipe error: 109: file z:/build/build/src/ipc/chromium/src/chrome/common/ipc_channel_win.cc, line 346
[Child 17768, Chrome_Ch
###!!! [Child][MessageChannel::SendAndWait] Error: Channel error: cannot send/recv

1520204159385	geckodriver	INFO	geckodriver 0.18.0
1520204159394	geckodriver	INFO	Listening on 127.0.0.1:57483
1520204161499	geckodriver::marionette	INFO	Starting browser C:\Program Files (x86)\Mozilla Firefox\firefox.exe with args ["-marionette"]
Unable to read VR Path Registry from C:\Users\CrazyDog\AppData\Local\openvr\openvrpaths.vrpath
1520204162589	Marionette	INFO	Enabled via --marionette
Unable to read VR Path Registry from C:\Users\CrazyDog\AppData\Local\openvr\openvrpaths.vrpath
Unable to read VR Path Registry from C:\Users\CrazyDog\AppData\Local\openvr\openvrpaths.vrpath
Unable to read VR Path Registry from C:\Users\CrazyDog\AppData\Local\openvr\openvrpaths.vrpath
Unable to read VR Path Registry from C:\Users\CrazyDog\AppData\Local\openvr\openvrpaths.vrpath
1520204165041	Marionette	INFO	Listening on port 57489
1520204165335	Marionette	WARN	TLS certificate errors will be ignored for this session
[Parent 10728, Gecko_IOThread] WARNING: pipe error: 109: file z:/build/build/src/ipc/chromium/src/chrome/common/ipc_channel_win.cc, line 346
[Parent 10728, Gecko_IOThread] WARNING: pipe error: 109: file z:/build/build/src/ipc/chromium/src/chrome/common/ipc_channel_win.cc, line 346
*** UTM:SVC TimerManager:registerTimer called after profile-before-change notification. Ignoring timer registration for id: telemetry_modules_ping

###!!! [Child][MessageChannel::SendAndWait] Error: Channel error: cannot send/recv

1520204271731	geckodriver	INFO	geckodriver 0.18.0
1520204271742	geckodriver	INFO	Listening on 127.0.0.1:57543
1520204273850	geckodriver::marionette	INFO	Starting browser C:\Program Files (x86)\Mozilla Firefox\firefox.exe with args ["-marionette"]
Unable to read VR Path Registry from C:\Users\CrazyDog\AppData\Local\openvr\openvrpaths.vrpath
1520204274969	Marionette	INFO	Enabled via --marionette
Unable to read VR Path Registry from C:\Users\CrazyDog\AppData\Local\openvr\openvrpaths.vrpath
Unable to read VR Path Registry from C:\Users\CrazyDog\AppData\Local\openvr\openvrpaths.vrpath
Unable to read VR Path Registry from C:\Users\CrazyDog\AppData\Local\openvr\openvrpaths.vrpath
Unable to read VR Path Registry from C:\Users\CrazyDog\AppData\Local\openvr\openvrpaths.vrpath
1520204277362	Marionette	INFO	Listening on port 57549
1520204277751	Marionette	WARN	TLS certificate errors will be ignored for this session
[Parent 17336, Gecko_IOThread] WARNING: pipe error: 109: file z:/build/build/src/ipc/chromium/src/chrome/common/ipc_channel_win.cc, line 346
[Child 4500, Chrome_ChildThread] WARNING: pipe error: 109: file z:/build/build/src/ipc/chromium/src/chrome/c
###!!! [Child][RunMessage] Error: Channel closing: too late to send/recv, messages will be lost

ommon/ipc_channel_win.cc, line 3
###!!! [Child][MessageChannel::SendAndWait] Error: Channel error: cannot send/recv

nvr\openvrpaths.vrpath
Unable to read VR Path Registry from C:\Users\CrazyDog\AppData\Local\openvr\openvrpaths.vrpath
Unable to read VR Path Registry from C:\Users\CrazyDog\AppData\Local\openvr\openvrpaths.vrpath
Unable to read VR Path Registry from C:\Users\CrazyDog\AppData\Local\openvr\openvrpaths.vrpath
1520204335444	Marionette	INFO	Listening on port 57605
1520204335908	Marionette	WARN	TLS certificate errors will be ignored for this session
1520204616716	geckodriver	INFO	geckodriver 0.18.0
1520204616728	geckodriver	INFO	Listening on 127.0.0.1:57777
1520204618821	geckodriver::marionette	INFO	Starting browser C:\Program Files (x86)\Mozilla Firefox\firefox.exe with args ["-marionette"]
Unable to read VR Path Registry from C:\Users\CrazyDog\AppData\Local\openvr\openvrpaths.vrpath
1520204620422	Marionette	INFO	Enabled via --marionette
Unable to read VR Path Registry from C:\Users\CrazyDog\AppData\Local\openvr\openvrpaths.vrpath
Unable to read VR Path Registry from C:\Users\CrazyDog\AppData\Local\openvr\openvrpaths.vrpath
Unable to read VR Path Registry from C:\Users\CrazyDog\AppData\Local\openvr\openvrpaths.vrpath
1520204623252	Marionette	INFO	Listening on port 57784
1520204623402	Marionette	WARN	TLS certificate errors will be ignored for this session
Unable to read VR Path Registry from C:\Users\CrazyDog\AppData\Local\openvr\openvrpaths.vrpath
[Child 11804, Chrome_ChildThread] WARNING: pipe error: 109: file z:/build/build/src/ipc/chromium/src/chrome/common/ipc_channel_win.cc, line 346
[Child 11804, Chrom*** UTM:SVC TimerManager:registerTimer called after profile-before-change notification. Ignoring timer registration for id: telemetry_modules_ping

###!!! [Child][MessageChannel::SendAndWait] Error: Channel error: cannot send/recv

1520204661527	geckodriver	INFO	geckodriver 0.18.0
1520204661537	geckodriver	INFO	Listening on 127.0.0.1:57833
1520204663664	geckodriver::marionette	INFO	Starting browser C:\Program Files (x86)\Mozilla Firefox\firefox.exe with args ["-marionette"]
Unable to read VR Path Registry from C:\Users\CrazyDog\AppData\Local\openvr\openvrpaths.vrpath
1520204664848	Marionette	INFO	Enabled via --marionette
Unable to read VR Path Registry from C:\Users\CrazyDog\AppData\Local\openvr\openvrpaths.vrpath
Unable to read VR Path Registry from C:\Users\CrazyDog\AppData\Local\openvr\openvrpaths.vrpath
Unable to read VR Path Registry from C:\Users\CrazyDog\AppData\Local\openvr\openvrpaths.vrpath
Unable to read VR Path Registry from C:\Users\CrazyDog\AppData\Local\openvr\openvrpaths.vrpath
1520204667345	Marionette	INFO	Listening on port 57839
1520204667543	Marionette	WARN	TLS certificate errors will be ignored for this session
[Parent 7224, Gecko_IOThread] WARNING: pipe error: 109: file z:/build/build/src/ipc/chromium/src/chrome/common/ipc_channel_win.cc, line 346
[Parent 7224, Gecko_IOThread] WARNING: pipe error: 109: file z:/build/build/src/ipc/chromium/src/chrome/common/ipc_channel_win.cc, line 346
[Child 13568, Chrome_ChildThread] WARNING: pipe error: 109: file z:/build/build/src/ipc/chromium/src/chrome/common/ipc_channel_win.cc, line 346
[Child 13568, Chrome_Chil[Child 15928, Chrome_ChildThread] WARNING: pipe error: 109: file z:/build/build/src/ipc/chromium/src/chrome/common/ipc_channel_win.cc, line 346
[Parent 7224, Gecko_IOThread] WARNING: pipe error: 109: file z:/build/build/src/ipc/chromium/src/chrome/common/ipc_channel_win.cc, line 346
[Child 17288, Chrome_ChildThread] WARNING: pipe error: 109: file z:/build/build/src/ipc/chromium/src/chrome/common/ipc_channel_win.cc, line 346
[Child 17288, Chrome_Ch
###!!! [Child][MessageChannel::SendAndWait] Error: Channel error: cannot send/recv

1520205301321	geckodriver	INFO	geckodriver 0.18.0
1520205301335	geckodriver	INFO	Listening on 127.0.0.1:57956
1520205303508	geckodriver::marionette	INFO	Starting browser C:\Program Files (x86)\Mozilla Firefox\firefox.exe with args ["-marionette"]
Unable to read VR Path Registry from C:\Users\CrazyDog\AppData\Local\openvr\openvrpaths.vrpath
1520205304766	Marionette	INFO	Enabled via --marionette
Unable to read VR Path Registry from C:\Users\CrazyDog\AppData\Local\openvr\openvrpaths.vrpath
Unable to read VR Path Registry from C:\Users\CrazyDog\AppData\Local\openvr\openvrpaths.vrpath
Unable to read VR Path Registry from C:\Users\CrazyDog\AppData\Local\openvr\openvrpaths.vrpath
Unable to read VR Path Registry from C:\Users\CrazyDog\AppData\Local\openvr\openvrpaths.vrpath
1520205307080	Marionette	INFO	Listening on port 57964
1520205307519	Marionette	WARN	TLS certificate errors will be ignored for this session
console.warn: LoginRecipes: getRecipes: falling back to a synchronous message for: http://automationpractice.com
console.warn: nsLoginManager: searchLogins: `formSubmitURL` or `httpRealm` is recommended
[Parent 6388, Gecko_IOThread] WARNING: pipe error: 109: file z:/build/build/src/ipc/chromium/src/chrome/common/ipc_channel_win.cc, line 346
[Parent 6388, Gecko_IOThread] WARNING: pipe error: 109: file z:/build/build/src/ipc/chromium/src/chrome/common/ipc_channel_win.cc, line 346
[Child 12296, Chrome_ChildThread] WARNING: pipe error: 109: file z:/build/build/src/ipc/chromium/src/chrome/common/ipc_channel_win.cc, line 346
[Child 12296, Chrome[Child 5736, Chrome_ChildThread] WARNING: pipe error:
###!!! [Child][MessageChannel::SendAndWait] Error: Channel error: cannot send/recv

1520205408754	geckodriver	INFO	geckodriver 0.18.0
1520205408765	geckodriver	INFO	Listening on 127.0.0.1:58017
1520205410887	geckodriver::marionette	INFO	Starting browser C:\Program Files (x86)\Mozilla Firefox\firefox.exe with args ["-marionette"]
Unable to read VR Path Registry from C:\Users\CrazyDog\AppData\Local\openvr\openvrpaths.vrpath
1520205412206	Marionette	INFO	Enabled via --marionette
Unable to read VR Path Registry from C:\Users\CrazyDog\AppData\Local\openvr\openvrpaths.vrpath
Unable to read VR Path Registry from C:\Users\CrazyDog\AppData\Local\openvr\openvrpaths.vrpath
Unable to read VR Path Registry from C:\Users\CrazyDog\AppData\Local\openvr\openvrpaths.vrpath
Unable to read VR Path Registry from C:\Users\CrazyDog\AppData\Local\openvr\openvrpaths.vrpath
1520205414613	Marionette	INFO	Listening on port 58023
1520205414935	Marionette	WARN	TLS certificate errors will be ignored for this session
[Child 6528, Chrome_ChildThread] WARNING: pipe error: 109: file z:/build/build/src/ipc/chromium/src/chrome/common/ipc_channel_win.cc, line 346
[Child 6528, Chrome_Chi[Child 16160, Chrome_ChildThread] WARNING: pipe error: 109: file z:/build/build/src/ipc/c
###!!! [Child][MessageChannel::SendAndWait] Error: Channel error: cannot send/recv

1520205669608	geckodriver	INFO	geckodriver 0.18.0
1520205669618	geckodriver	INFO	Listening on 127.0.0.1:58140
1520205671749	geckodriver::marionette	INFO	Starting browser C:\Program Files (x86)\Mozilla Firefox\firefox.exe with args ["-marionette"]
Unable to read VR Path Registry from C:\Users\CrazyDog\AppData\Local\openvr\openvrpaths.vrpath
1520205673072	Marionette	INFO	Enabled via --marionette
Unable to read VR Path Registry from C:\Users\CrazyDog\AppData\Local\openvr\openvrpaths.vrpath
Unable to read VR Path Registry from C:\Users\CrazyDog\AppData\Local\openvr\openvrpaths.vrpath
Unable to read VR Path Registry from C:\Users\CrazyDog\AppData\Local\openvr\openvrpaths.vrpath
Unable to read VR Path Registry from C:\Users\CrazyDog\AppData\Local\openvr\openvrpaths.vrpath
1520205675552	Marionette	INFO	Listening on port 58146
1520205675794	Marionette	WARN	TLS certificate errors will be ignored for this session
[Parent 6352, Gecko_IOThread] WARNING: pipe error: 109: file z:/build/build/src/ipc/chromium/src/chrome/common/ipc_channel_win.cc, line 346
[Parent 6352, Gecko_IOThread] WARNING: pipe error: 109: file z:/build/build/src/ipc/chromium/src/chrome/common/ipc_channel_win.cc, line 346
[Parent 6352, Gecko_IOThread] WARNING: pipe error: 109: file z:/build/build/src/ipc/chromium/src/chrome/common/ipc_channel_win.cc, line 346
[Child 16244, Chrome_ChildThread] WARNING: pipe error: 109: file z:/build/build/src/ipc/chromium/src/chrome/common/ipc_channel_win.cc, l*** UTM:SVC TimerManager:registerTimer called after profile-before-change notification. Ignoring timer registration for id: telemetry_modules_ping

###!!! [Child][MessageChannel::SendAndWait] Error: Channel error: cannot send/recv

1520205779564	geckodriver	INFO	geckodriver 0.18.0
1520205779574	geckodriver	INFO	Listening on 127.0.0.1:58204
1520205781686	geckodriver::marionette	INFO	Starting browser C:\Program Files (x86)\Mozilla Firefox\firefox.exe with args ["-marionette"]
Unable to read VR Path Registry from C:\Users\CrazyDog\AppData\Local\openvr\openvrpaths.vrpath
1520205782762	Marionette	INFO	Enabled via --marionette
Unable to read VR Path Registry from C:\Users\CrazyDog\AppData\Local\openvr\openvrpaths.vrpath
Unable to read VR Path Registry from C:\Users\CrazyDog\AppData\Local\openvr\openvrpaths.vrpath
Unable to read VR Path Registry from C:\Users\CrazyDog\AppData\Local\openvr\openvrpaths.vrpath
Unable to read VR Path Registry from C:\Users\CrazyDog\AppData\Local\openvr\openvrpaths.vrpath
1520205785193	Marionette	INFO	Listening on port 58210
1520205785520	Marionette	WARN	TLS certificate errors will be ignored for this session
[Child 10000, Chrome_ChildThread] WARNING: pipe error: 109: file z:/build/build/src/ipc/chromium/src/chrome/common/ipc_channel_win.cc, line 346
[Child 10000, Chrome_Ch*** UTM:SVC TimerManager:registerTimer called after profile-before-change notification. Ignoring timer registration for id: telemetry_modules_ping

###!!! [Child][MessageChannel::SendAndWait] Error: Channel error: cannot send/recv

1520205878133	geckodriver	INFO	geckodriver 0.18.0
1520205878145	geckodriver	INFO	Listening on 127.0.0.1:58292
1520205880270	geckodriver::marionette	INFO	Starting browser C:\Program Files (x86)\Mozilla Firefox\firefox.exe with args ["-marionette"]
Unable to read VR Path Registry from C:\Users\CrazyDog\AppData\Local\openvr\openvrpaths.vrpath
1520205881551	Marionette	INFO	Enabled via --marionette
Unable to read VR Path Registry from C:\Users\CrazyDog\AppData\Local\openvr\openvrpaths.vrpath
Unable to read VR Path Registry from C:\Users\CrazyDog\AppData\Local\openvr\openvrpaths.vrpath
Unable to read VR Path Registry from C:\Users\CrazyDog\AppData\Local\openvr\openvrpaths.vrpath
Unable to read VR Path Registry from C:\Users\CrazyDog\AppData\Local\openvr\openvrpaths.vrpath
1520205883925	Marionette	INFO	Listening on port 58298
1520205884391	Marionette	WARN	TLS certificate errors will be ignored for this session
Marionette threw an error: [Exception... "Component returned failure code: 0x80070057 (NS_ERROR_ILLEGAL_VALUE) [nsIMessageSender.sendAsyncMessage]"  nsresult: "0x80070057 (NS_ERROR_ILLEGAL_VALUE)"  location: "JS frame :: chrome://marionette/content/proxy.js :: sendReply_ :: line 272"  data: no]
sendReply_@chrome://marionette/content/proxy.js:272:5
reply@chrome://marionette/content/proxy.js:258:7
sendToServer@chrome://marionette/content/listener.js:686:3
sendError@chrome://marionette/content/listener.js:721:3
dispatch/</<@chrome://marionette/content/listener.js:484:49

[[Parent 4828, Gecko_IOThread] WARNING: pipe error: 109: file z:/build/build/src/ipc/chromium/src/chrome/common/ipc_channel_win.cc, line 346
*** UTM:SVC TimerManager:registerTimer called after profile-before-change notification. Ignoring timer registration for id: telemetry_modules_ping

###!!! [Child][MessageChannel::SendAndWait] Error: Channel error: cannot send/recv

1520205906475	geckodriver	INFO	geckodriver 0.18.0
1520205906486	geckodriver	INFO	Listening on 127.0.0.1:58343
1520205908618	geckodriver::marionette	INFO	Starting browser C:\Program Files (x86)\Mozilla Firefox\firefox.exe with args ["-marionette"]
Unable to read VR Path Registry from C:\Users\CrazyDog\AppData\Local\openvr\openvrpaths.vrpath
1520205909877	Marionette	INFO	Enabled via --marionette
Unable to read VR Path Registry from C:\Users\CrazyDog\AppData\Local\openvr\openvrpaths.vrpath
Unable to read VR Path Registry from C:\Users\CrazyDog\AppData\Local\openvr\openvrpaths.vrpath
Unable to read VR Path Registry from C:\Users\CrazyDog\AppData\Local\openvr\openvrpaths.vrpath
Unable to read VR Path Registry from C:\Users\CrazyDog\AppData\Local\openvr\openvrpaths.vrpath
1520205912366	Marionette	INFO	Listening on port 58349
1520205912639	Marionette	WARN	TLS certificate errors will be ignored for this session
[Parent 16620, Gecko_IOThread] WARNING: pipe error: 109: file z:/build/build/src/ipc/chromium/src/chrome/common/ipc_channel_win.cc, line 346
[Child 20272, Chrome_ChildThread] WARNING: pipe error: 109: fil[Child 9552, Chrome_ChildThread] WARNING: pipe error: 109: file z:/build/build/src/ipc/chromium/src/chrome/common/ipc_channel_win.cc, line 346
[Child 8464, Chrome_ChildThread] WARNING: pipe error: 109: file *** UTM:SVC TimerManager:registerTimer called after profile-before-change notification. Ignoring timer registration for id: telemetry_modules_ping

###!!! [Child][MessageChannel::SendAndWait] Error: Channel error: cannot send/recv

1520205952657	geckodriver	INFO	geckodriver 0.18.0
1520205952668	geckodriver	INFO	Listening on 127.0.0.1:58407
1520205954796	geckodriver::marionette	INFO	Starting browser C:\Program Files (x86)\Mozilla Firefox\firefox.exe with args ["-marionette"]
Unable to read VR Path Registry from C:\Users\CrazyDog\AppData\Local\openvr\openvrpaths.vrpath
1520205955858	Marionette	INFO	Enabled via --marionette
Unable to read VR Path Registry from C:\Users\CrazyDog\AppData\Local\openvr\openvrpaths.vrpath
Unable to read VR Path Registry from C:\Users\CrazyDog\AppData\Local\openvr\openvrpaths.vrpath
Unable to read VR Path Registry from C:\Users\CrazyDog\AppData\Local\openvr\openvrpaths.vrpath
Unable to read VR Path Registry from C:\Users\CrazyDog\AppData\Local\openvr\openvrpaths.vrpath
1520205958262	Marionette	INFO	Listening on port 58413
1520205958679	Marionette	WARN	TLS certificate errors will be ignored for this session

###!!! [Child][MessageChannel::SendAndWait] Error: Channel error: cannot send/recv

1520206236075	geckodriver	INFO	geckodriver 0.18.0
1520206236082	geckodriver	INFO	Listening on 127.0.0.1:58500
1520206238309	geckodriver::marionette	INFO	Starting browser C:\Program Files (x86)\Mozilla Firefox\firefox.exe with args ["-marionette"]
Unable to read VR Path Registry from C:\Users\CrazyDog\AppData\Local\openvr\openvrpaths.vrpath
1520206240271	Marionette	INFO	Enabled via --marionette
Unable to read VR Path Registry from C:\Users\CrazyDog\AppData\Local\openvr\openvrpaths.vrpath
Unable to read VR Path Registry from C:\Users\CrazyDog\AppData\Local\openvr\openvrpaths.vrpath
Unable to read VR Path Registry from C:\Users\CrazyDog\AppData\Local\openvr\openvrpaths.vrpath
Unable to read VR Path Registry from C:\Users\CrazyDog\AppData\Local\openvr\openvrpaths.vrpath
1520206242401	Marionette	INFO	Listening on port 58507
1520206242831	Marionette	WARN	TLS certificate errors will be ignored for this session
[Child 232, Chrome_ChildThread] WARNING: pipe error: 109: file z:/build/build/src/ipc/chromium/src/chrome/common/ipc_channel_win.cc, line 346
[
###!!! [Child][MessageChannel::SendAndWait] Error: Channel error: cannot send/recv

"-marionette"]
Unable to read VR Path Registry from C:\Users\CrazyDog\AppData\Local\openvr\openvrpaths.vrpath
1520206284172	Marionette	INFO	Enabled via --marionette
Unable to read VR Path Registry from C:\Users\CrazyDog\AppData\Local\openvr\openvrpaths.vrpath
Unable to read VR Path Registry from C:\Users\CrazyDog\AppData\Local\openvr\openvrpaths.vrpath
Unable to read VR Path Registry from C:\Users\CrazyDog\AppData\Local\openvr\openvrpaths.vrpath
1520206286420	Marionette	INFO	Listening on port 58569
Unable to read VR Path Registry from C:\Users\CrazyDog\AppData\Local\openvr\openvrpaths.vrpath
1520206286594	Marionette	WARN	TLS certificate errors will be ignored for this session

###!!! [Child][RunMessage] Error: Channel closing: too late to send/recv, messages will be lost

[Child 3128, Chrome_ChildThread] WARNING: pipe error: 109: file z:/build/build/src/ipc/chromium/src/chrome/common/ipc_channel_win.cc, line 346
[Child 3128, Chrome_ChildThre[Child *** UTM:SVC TimerManager:registerTimer called after profile-before-change notification. Ignoring timer registration for id: telemetry_modules_ping

###!!! [Child][MessageChannel::SendAndWait] Error: Channel error: cannot send/recv

1520206420391	geckodriver	INFO	geckodriver 0.18.0
1520206420405	geckodriver	INFO	Listening on 127.0.0.1:58635
1520206422585	geckodriver::marionette	INFO	Starting browser C:\Program Files (x86)\Mozilla Firefox\firefox.exe with args ["-marionette"]
Unable to read VR Path Registry from C:\Users\CrazyDog\AppData\Local\openvr\openvrpaths.vrpath
1520206423744	Marionette	INFO	Enabled via --marionette
Unable to read VR Path Registry from C:\Users\CrazyDog\AppData\Local\openvr\openvrpaths.vrpath
Unable to read VR Path Registry from C:\Users\CrazyDog\AppData\Local\openvr\openvrpaths.vrpath
Unable to read VR Path Registry from C:\Users\CrazyDog\AppData\Local\openvr\openvrpaths.vrpath
Unable to read VR Path Registry from C:\Users\CrazyDog\AppData\Local\openvr\openvrpaths.vrpath
1520206426012	Marionette	INFO	Listening on port 58643
1520206426166	Marionette	WARN	TLS certificate errors will be ignored for this session
[Child 17716, Chrome_ChildThread] WARNING: pipe e
###!!! [Child][MessageChannel::SendAndWait] Error: Channel error: cannot send/recv

marionette	INFO	Starting browser C:\Program Files (x86)\Mozilla Firefox\firefox.exe with args ["-marionette"]
Unable to read VR Path Registry from C:\Users\CrazyDog\AppData\Local\openvr\openvrpaths.vrpath
1520206500548	Marionette	INFO	Enabled via --marionette
Unable to read VR Path Registry from C:\Users\CrazyDog\AppData\Local\openvr\openvrpaths.vrpath
Unable to read VR Path Registry from C:\Users\CrazyDog\AppData\Local\openvr\openvrpaths.vrpath
Unable to read VR Path Registry from C:\Users\CrazyDog\AppData\Local\openvr\openvrpaths.vrpath
Unable to read VR Path Registry from C:\Users\CrazyDog\AppData\Local\openvr\openvrpaths.vrpath
1520206502916	Marionette	INFO	Listening on port 58711
1520206503147	Marionette	WARN	TLS certificate errors will be ignored for this session
[Parent 18720, Gecko_IOThread] WARNING: pipe error: 109: file z:/build/build/src/ipc/chromium/src/chrome/common/ipc_channel_win.cc, line 346
[Child 5356, Chrome_ChildThread] WARNING: pipe error: 109: file z:/build/build/src/ipc/chromium/src/chrome/common/ipc_channel_win.cc, line 346
[Parent 18720, Gecko_IOThread] WARNING: pipe error: 109: file z:/build/build/src/ipc/chromium/src/chrome/common/ipc_channel_win.cc, line 346
*** UTM:SVC TimerManager:registerTimer called after profile-before-change notification. Ignoring timer registration for id: telemetry_modules_ping

###!!! [Child][MessageChannel::SendAndWait] Error: Channel error: cannot send/recv

1520206613547	geckodriver	INFO	geckodriver 0.18.0
1520206613555	geckodriver	INFO	Listening on 127.0.0.1:58779
1520206615629	geckodriver::marionette	INFO	Starting browser C:\Program Files (x86)\Mozilla Firefox\firefox.exe with args ["-marionette"]
Unable to read VR Path Registry from C:\Users\CrazyDog\AppData\Local\openvr\openvrpaths.vrpath
1520206617318	Marionette	INFO	Enabled via --marionette
Unable to read VR Path Registry from C:\Users\CrazyDog\AppData\Local\openvr\openvrpaths.vrpath
Unable to read VR Path Registry from C:\Users\CrazyDog\AppData\Local\openvr\openvrpaths.vrpath
Unable to read VR Path Registry from C:\Users\CrazyDog\AppData\Local\openvr\openvrpaths.vrpath
Unable to read VR Path Registry from C:\Users\CrazyDog\AppData\Local\openvr\openvrpaths.vrpath
1520206619284	Marionette	INFO	Listening on port 58785
1520206619750	Marionette	WARN	TLS certificate errors will be ignored for this session
[Child 16356, Chrome_ChildThrea*** UTM:SVC TimerManager:registerTimer called after profile-before-change notification. Ignoring timer registration for id: telemetry_modules_ping

###!!! [Child][MessageChannel::SendAndWait] Error: Channel error: cannot send/recv

1520206921926	geckodriver	INFO	geckodriver 0.18.0
1520206921935	geckodriver	INFO	Listening on 127.0.0.1:58879
1520206924159	geckodriver::marionette	INFO	Starting browser C:\Program Files (x86)\Mozilla Firefox\firefox.exe with args ["-marionette"]
Unable to read VR Path Registry from C:\Users\CrazyDog\AppData\Local\openvr\openvrpaths.vrpath
1520206925900	Marionette	INFO	Enabled via --marionette
Unable to read VR Path Registry from C:\Users\CrazyDog\AppData\Local\openvr\openvrpaths.vrpath
Unable to read VR Path Registry from C:\Users\CrazyDog\AppData\Local\openvr\openvrpaths.vrpath
Unable to read VR Path Registry from C:\Users\CrazyDog\AppData\Local\openvr\openvrpaths.vrpath
Unable to read VR Path Registry from C:\Users\CrazyDog\AppData\Local\openvr\openvrpaths.vrpath
1520206928250	Marionette	INFO	Listening on port 58887
1520206928731	Marionette	WARN	TLS certificate errors will be ignored for this session
[Child 7876, Chrome_ChildThread] WARNING: pipe error: 109: file z:/build/build/src/ipc/chromium/src/chrome/common/ipc_channel_win.[Childc 15068, Chrome_ChildThread] WARNING: pipe error: 109: file z:/build/build/src/ipc/chromium/src/chrome/common/ipc_channel_win.cc, line 346
c, line 346[Child 15068, Chrome
[Child 7876, Chrome_ChildThread] WARNING: pipe error: 109: file z:/build/build/src/ipc/chromium/src/chrome/common/ipc_channel_win.cc, line 346
*** UTM:SVC TimerManager:registerTimer called after profile-before-change notification. Ignoring timer registration for id: telemetry_modules_ping

###!!! [Child][MessageChannel::SendAndWait] Error: Channel error: cannot send/recv

1520206990036	geckodriver	INFO	geckodriver 0.18.0
1520206990043	geckodriver	INFO	Listening on 127.0.0.1:58972
1520206992277	geckodriver::marionette	INFO	Starting browser C:\Program Files (x86)\Mozilla Firefox\firefox.exe with args ["-marionette"]
Unable to read VR Path Registry from C:\Users\CrazyDog\AppData\Local\openvr\openvrpaths.vrpath
1520206994073	Marionette	INFO	Enabled via --marionette
Unable to read VR Path Registry from C:\Users\CrazyDog\AppData\Local\openvr\openvrpaths.vrpath
Unable to read VR Path Registry from C:\Users\CrazyDog\AppData\Local\openvr\openvrpaths.vrpath
Unable to read VR Path Registry from C:\Users\CrazyDog\AppData\Local\openvr\openvrpaths.vrpath
Unable to read VR Path Registry from C:\Users\CrazyDog\AppData\Local\openvr\openvrpaths.vrpath
1520206996053	Marionette	INFO	Listening on port 58979
1520206996435	Marionette	WARN	TLS certificate errors will be ignored for this session
Marionette threw an error: [Exception... "Component returned failure code: 0x80070057 (NS_ERROR_ILLEGAL_VALUE) [nsIMessageSender.sendAsyncMessage]"  nsresult: "0x80070057 (NS_ERROR_ILLEGAL_VALUE)"  location: "JS frame :: chrome://marionette/content/proxy.js :: sendReply_ :: line 272"  data: no]
sendReply_@chrome://marionette/content/proxy.js:272:5
reply@chrome://marionette/content/proxy.js:258:7
sendToServer@chrome://marionette/content/listener.js:686:3
sendError@chrome://marionette/content/listener.js:721:3
dispatch/</<@chrome://marionette/content/listener.js:484:49

[Parent 15920, Gecko_IOThread] WARNING: pipe error: 109: file z:/build/build/src/ipc/chromium/src/chrome/common/ipc_channel_win.cc, line 346
[Parent 15920, Gecko_IOThread] WARNING: pipe error: 109: file z:/build/build/src/ipc/chromium/src/chrome/common/ipc_channel_win.cc, line 346
[Child 20288, Chrome_ChildThread] WARNING: pipe error: 109: file z:/build/build/src/ipc/chromium/src/chrome/common/ipc_channel_win.cc, line 346
[Child 20288, Chrome_ChildThread] WARNING: pipe e[Child 20388, Chrome_ChildThread] WARNING: pipe error: 109: file z:/build/build/src/ipc/chromium/src/chrome/common/ipc_channel_win.cc, line 346
[Child 20388, Chrome_Chi*** UTM:SVC TimerManager:registerTimer called after profile-before-change notification. Ignoring timer registration for id: telemetry_modules_ping

###!!! [Child][MessageChannel::SendAndWait] Error: Channel error: cannot send/recv

1520207013769	geckodriver	INFO	geckodriver 0.18.0
1520207013776	geckodriver	INFO	Listening on 127.0.0.1:59026
1520207016007	geckodriver::marionette	INFO	Starting browser C:\Program Files (x86)\Mozilla Firefox\firefox.exe with args ["-marionette"]
Unable to read VR Path Registry from C:\Users\CrazyDog\AppData\Local\openvr\openvrpaths.vrpath
1520207018050	Marionette	INFO	Enabled via --marionette
Unable to read VR Path Registry from C:\Users\CrazyDog\AppData\Local\openvr\openvrpaths.vrpath
Unable to read VR Path Registry from C:\Users\CrazyDog\AppData\Local\openvr\openvrpaths.vrpath
Unable to read VR Path Registry from C:\Users\CrazyDog\AppData\Local\openvr\openvrpaths.vrpath
Unable to read VR Path Registry from C:\Users\CrazyDog\AppData\Local\openvr\openvrpaths.vrpath
1520207020294	Marionette	INFO	Listening on port 59032
1520207020552	Marionette	WARN	TLS certificate errors will be ignored for this session
[Child 13760, Chrome_ChildThread] WARNING: pipe error: 109: file z:/build/build/src/ipc/chromium/src/chrome/common/ipc_channel_win.cc, line 346
[Child 13760, Chrome_ChildThread][Child 20080, Chrome_ChildThread] WARNING: pipe error: 109: file z:/build/build/src/ipc/chromium/src/chrome/common/ipc_channel_win.cc, line 346
[Child 20080, Chrome_ChildThread] WARNING: pipe error: 109: file z:/build/build/src/ipc/chromium/src/chrome/common/ipc_channel_win.cc, line 346
*** UTM:SVC TimerManager:registerTimer called after profile-before-change notification. Ignoring timer registration for id: telemetry_modules_ping

###!!! [Child][MessageChannel::SendAndWait] Error: Channel error: cannot send/recv

1520207570443	geckodriver	INFO	geckodriver 0.18.0
1520207570452	geckodriver	INFO	Listening on 127.0.0.1:59157
1520207572676	geckodriver::marionette	INFO	Starting browser C:\Program Files (x86)\Mozilla Firefox\firefox.exe with args ["-marionette"]
Unable to read VR Path Registry from C:\Users\CrazyDog\AppData\Local\openvr\openvrpaths.vrpath
1520207574252	Marionette	INFO	Enabled via --marionette
Unable to read VR Path Registry from C:\Users\CrazyDog\AppData\Local\openvr\openvrpaths.vrpath
Unable to read VR Path Registry from C:\Users\CrazyDog\AppData\Local\openvr\openvrpaths.vrpath
Unable to read VR Path Registry from C:\Users\CrazyDog\AppData\Local\openvr\openvrpaths.vrpath
Unable to read VR Path Registry from C:\Users\CrazyDog\AppData\Local\openvr\openvrpaths.vrpath
1520207576236	Marionette	INFO	Listening on port 59163
1520207576251	Marionette	WARN	TLS certificate errors will be ignored for this session
Marionette threw an error: [Exception... "Component returned failure code: 0x80070057 (NS_ERROR_ILLEGAL_VALUE) [nsIMessageSender.sendAsyncMessage]"  nsresult: "0x80070057 (NS_ERROR_ILLEGAL_VALUE)"  location: "JS frame :: chrome://marionette/content/proxy.js :: sendReply_ :: line 272"  data: no]
sendReply_@chrome://marionette/content/proxy.js:272:5
reply@chrome://marionette/content/proxy.js:258:7
sendToServer@chrome://marionette/content/listener.js:686:3
sendError@chrome://marionette/content/listener.js:721:3
dispatch/</<@chrome://marionette/content/listener.js:484:49

[Child 19984, Chrome_ChildThread] WARNING: pipe error: 109: file z:/build/build/src/ipc/chromium/src/chrome/common/ipc_channel_win.cc, line 346
*** UTM:SVC TimerManager:registerTimer called after profile-before-change notification. Ignoring timer registration for id: telemetry_modules_ping

###!!! [Child][MessageChannel::SendAndWait] Error: Channel error: cannot send/recv

1520207592919	geckodriver	INFO	geckodriver 0.18.0
1520207592926	geckodriver	INFO	Listening on 127.0.0.1:59208
1520207595030	geckodriver::marionette	INFO	Starting browser C:\Program Files (x86)\Mozilla Firefox\firefox.exe with args ["-marionette"]
Unable to read VR Path Registry from C:\Users\CrazyDog\AppData\Local\openvr\openvrpaths.vrpath
1520207596470	Marionette	INFO	Enabled via --marionette
Unable to read VR Path Registry from C:\Users\CrazyDog\AppData\Local\openvr\openvrpaths.vrpath
Unable to read VR Path Registry from C:\Users\CrazyDog\AppData\Local\openvr\openvrpaths.vrpath
Unable to read VR Path Registry from C:\Users\CrazyDog\AppData\Local\openvr\openvrpaths.vrpath
Unable to read VR Path Registry from C:\Users\CrazyDog\AppData\Local\openvr\openvrpaths.vrpath
1520207598571	Marionette	INFO	Listening on port 59215
1520207598974	Marionette	WARN	TLS certificate errors will be ignored for this session
console.warn: LoginRecipes: getRecipes: falling back to a synchronous message for: http://automationpractice.com
console.warn: nsLoginManager: searchLogins: `formSubmitURL` or `httpRealm` is recommended
console.warn: LoginRecipes: getRecipes: falling back to a synchronous message for: http://automationpractice.com
console.warn: nsLoginManager: searchLogins: `formSubmitURL` or `httpRealm` is recommended
[Parent 14216, Gecko_IOThread] WARNING: pipe error: 109: file z:/build/build/src/ipc/chromium/src/chrome/common/ipc_channel_win.cc, line 346

###!!! [Child][MessageChannel::SendAndWait] Error: Channel error: cannot send/recv

1520208458309	geckodriver	INFO	geckodriver 0.18.0
1520208458318	geckodriver	INFO	Listening on 127.0.0.1:59420
1520208460547	geckodriver::marionette	INFO	Starting browser C:\Program Files (x86)\Mozilla Firefox\firefox.exe with args ["-marionette"]
Unable to read VR Path Registry from C:\Users\CrazyDog\AppData\Local\openvr\openvrpaths.vrpath
1520208462108	Marionette	INFO	Enabled via --marionette
Unable to read VR Path Registry from C:\Users\CrazyDog\AppData\Local\openvr\openvrpaths.vrpath
Unable to read VR Path Registry from C:\Users\CrazyDog\AppData\Local\openvr\openvrpaths.vrpath
Unable to read VR Path Registry from C:\Users\CrazyDog\AppData\Local\openvr\openvrpaths.vrpath
Unable to read VR Path Registry from C:\Users\CrazyDog\AppData\Local\openvr\openvrpaths.vrpath
1520208464048	Marionette	INFO	Listening on port 59428
1520208464537	Marionette	WARN	TLS certificate errors will be ignored for this session
Marionette threw an error: [Exception... "Component returned failure code: 0x80070057 (NS_ERROR_ILLEGAL_VALUE) [nsIMessageSender.sendAsyncMessage]"  nsresult: "0x80070057 (NS_ERROR_ILLEGAL_VALUE)"  location: "JS frame :: chrome://marionette/content/proxy.js :: sendReply_ :: line 272"  data: no]
sendReply_@chrome://marionette/content/proxy.js:272:5
reply@chrome://marionette/content/proxy.js:258:7
sendToServer@chrome://marionette/content/listener.js:686:3
sendError@chrome://marionette/content/listener.js:721:3
dispatch/</<@chrome://marionette/content/listener.js:484:49

*** UTM:SVC TimerManager:registerTimer called after profile-before-change notification. Ignoring timer registration for id: telemetry_modules_ping

###!!! [Child][MessageChannel::SendAndWait] Error: Channel error: cannot send/recv

1520208481378	geckodriver	INFO	geckodriver 0.18.0
1520208481386	geckodriver	INFO	Listening on 127.0.0.1:59470
1520208483623	geckodriver::marionette	INFO	Starting browser C:\Program Files (x86)\Mozilla Firefox\firefox.exe with args ["-marionette"]
Unable to read VR Path Registry from C:\Users\CrazyDog\AppData\Local\openvr\openvrpaths.vrpath
1520208485549	Marionette	INFO	Enabled via --marionette
Unable to read VR Path Registry from C:\Users\CrazyDog\AppData\Local\openvr\openvrpaths.vrpath
Unable to read VR Path Registry from C:\Users\CrazyDog\AppData\Local\openvr\openvrpaths.vrpath
Unable to read VR Path Registry from C:\Users\CrazyDog\AppData\Local\openvr\openvrpaths.vrpath
Unable to read VR Path Registry from C:\Users\CrazyDog\AppData\Local\openvr\openvrpaths.vrpath
1520208487515	Marionette	INFO	Listening on port 59476
1520208487585	Marionette	WARN	TLS certificate errors will be ignored for this session

###!!! [Child][MessageChannel::SendAndWait] Error: Channel error: cannot send/recv

ng on 127.0.0.1:59565
1520208540158	geckodriver::marionette	INFO	Starting browser C:\Program Files (x86)\Mozilla Firefox\firefox.exe with args ["-marionette"]
Unable to read VR Path Registry from C:\Users\CrazyDog\AppData\Local\openvr\openvrpaths.vrpath
1520208541814	Marionette	INFO	Enabled via --marionette
Unable to read VR Path Registry from C:\Users\CrazyDog\AppData\Local\openvr\openvrpaths.vrpath
Unable to read VR Path Registry from C:\Users\CrazyDog\AppData\Local\openvr\openvrpaths.vrpath
Unable to read VR Path Registry from C:\Users\CrazyDog\AppData\Local\openvr\openvrpaths.vrpath
Unable to read VR Path Registry from C:\Users\CrazyDog\AppData\Local\openvr\openvrpaths.vrpath
1520208543636	Marionette	INFO	Listening on port 59571
1520208543698	Marionette	WARN	TLS certificate errors will be ignored for this session
[Parent 1584, Gecko_IOThread] WARNING: pipe error: 109: file z:/build/build/src/ipc/chromium/src/chrome/common/ipc_channel_win.cc, line 346
*** UTM:SVC TimerManager:registerTimer called after profile-before-change notification. Ignoring timer registration for id: telemetry_modules_ping

###!!! [Child][MessageChannel::SendAndWait] Error: Channel error: cannot send/recv

1520208558634	geckodriver	INFO	geckodriver 0.18.0
1520208558642	geckodriver	INFO	Listening on 127.0.0.1:59620
1520208560828	geckodriver::marionette	INFO	Starting browser C:\Program Files (x86)\Mozilla Firefox\firefox.exe with args ["-marionette"]
Unable to read VR Path Registry from C:\Users\CrazyDog\AppData\Local\openvr\openvrpaths.vrpath
1520208562815	Marionette	INFO	Enabled via --marionette
Unable to read VR Path Registry from C:\Users\CrazyDog\AppData\Local\openvr\openvrpaths.vrpath
Unable to read VR Path Registry from C:\Users\CrazyDog\AppData\Local\openvr\openvrpaths.vrpath
Unable to read VR Path Registry from C:\Users\CrazyDog\AppData\Local\openvr\openvrpaths.vrpath
Unable to read VR Path Registry from C:\Users\CrazyDog\AppData\Local\openvr\openvrpaths.vrpath
1520208564667	Marionette	INFO	Listening on port 59626
1520208564865	Marionette	WARN	TLS certificate errors will be ignored for this session
1520208802961	geckodriver	INFO	geckodriver 0.18.0
1520208802975	geckodriver	INFO	Listening on 127.0.0.1:59776
1520208817034	geckodriver	INFO	geckodriver 0.18.0
1520208817042	geckodriver	INFO	Listening on 127.0.0.1:59786
1520208819114	geckodriver::marionette	INFO	Starting browser C:\Program Files (x86)\Mozilla Firefox\firefox.exe with args ["-marionette"]
Unable to read VR Path Registry from C:\Users\CrazyDog\AppData\Local\openvr\openvrpaths.vrpath
1520208820126	Marionette	INFO	Enabled via --marionette
Unable to read VR Path Registry from C:\Users\CrazyDog\AppData\Local\openvr\openvrpaths.vrpath
Unable to read VR Path Registry from C:\Users\CrazyDog\AppData\Local\openvr\openvrpaths.vrpath
Unable to read VR Path Registry from C:\Users\CrazyDog\AppData\Local\openvr\openvrpaths.vrpath
Unable to read VR Path Registry from C:\Users\CrazyDog\AppData\Local\openvr\openvrpaths.vrpath
1520208822297	Marionette	INFO	Listening on port 59793
1520208822547	Marionette	WARN	TLS certificate errors will be ignored for this session
console.warn: LoginRecipes: getRecipes: falling back to a synchronous message for: http://automationpractice.com
console.warn: nsLoginManager: searchLogins: `formSubmitURL` or `httpRealm` is recommended
1520209031236	geckodriver	INFO	geckodriver 0.18.0
1520209031245	geckodriver	INFO	Listening on 127.0.0.1:59925
1520209041564	geckodriver	INFO	geckodriver 0.18.0
1520209041572	geckodriver	INFO	Listening on 127.0.0.1:59931
1520209043843	geckodriver::marionette	INFO	Starting browser C:\Program Files (x86)\Mozilla Firefox\firefox.exe with args ["-marionette"]
Unable to read VR Path Registry from C:\Users\CrazyDog\AppData\Local\openvr\openvrpaths.vrpath
1520209045562	Marionette	INFO	Enabled via --marionette
Unable to read VR Path Registry from C:\Users\CrazyDog\AppData\Local\openvr\openvrpaths.vrpath
Unable to read VR Path Registry from C:\Users\CrazyDog\AppData\Local\openvr\openvrpaths.vrpath
Unable to read VR Path Registry from C:\Users\CrazyDog\AppData\Local\openvr\openvrpaths.vrpath
Unable to read VR Path Registry from C:\Users\CrazyDog\AppData\Local\openvr\openvrpaths.vrpath
1520209047487	Marionette	INFO	Listening on port 59937
1520209047882	Marionette	WARN	TLS certificate errors will be ignored for this session
1520209075817	geckodriver	INFO	geckodriver 0.18.0
1520209075824	geckodriver	INFO	Listening on 127.0.0.1:60024
1520209078113	geckodriver::marionette	INFO	Starting browser C:\Program Files (x86)\Mozilla Firefox\firefox.exe with args ["-marionette"]
Unable to read VR Path Registry from C:\Users\CrazyDog\AppData\Local\openvr\openvrpaths.vrpath
1520209080171	Marionette	INFO	Enabled via --marionette
Unable to read VR Path Registry from C:\Users\CrazyDog\AppData\Local\openvr\openvrpaths.vrpath
Unable to read VR Path Registry from C:\Users\CrazyDog\AppData\Local\openvr\openvrpaths.vrpath
Unable to read VR Path Registry from C:\Users\CrazyDog\AppData\Local\openvr\openvrpaths.vrpath
Unable to read VR Path Registry from C:\Users\CrazyDog\AppData\Local\openvr\openvrpaths.vrpath
1520209082126	Marionette	INFO	Listening on port 60030
1520209082220	Marionette	WARN	TLS certificate errors will be ignored for this session
1520209102550	geckodriver	INFO	geckodriver 0.18.0
1520209102564	geckodriver	INFO	Listening on 127.0.0.1:60064
1520209104722	geckodriver::marionette	INFO	Starting browser C:\Program Files (x86)\Mozilla Firefox\firefox.exe with args ["-marionette"]
Unable to read VR Path Registry from C:\Users\CrazyDog\AppData\Local\openvr\openvrpaths.vrpath
1520209105943	Marionette	INFO	Enabled via --marionette
Unable to read VR Path Registry from C:\Users\CrazyDog\AppData\Local\openvr\openvrpaths.vrpath
Unable to read VR Path Registry from C:\Users\CrazyDog\AppData\Local\openvr\openvrpaths.vrpath
Unable to read VR Path Registry from C:\Users\CrazyDog\AppData\Local\openvr\openvrpaths.vrpath
Unable to read VR Path Registry from C:\Users\CrazyDog\AppData\Local\openvr\openvrpaths.vrpath
1520209107794	Marionette	INFO	Listening on port 60070
1520209108141	Marionette	WARN	TLS certificate errors will be ignored for this session
[
###!!! [Child][MessageChannel::SendAndWait] Error: Channel error: cannot send/recv

g on 127.0.0.1:60154
1520209165613	geckodriver	INFO	geckodriver 0.18.0
1520209165619	geckodriver	INFO	Listening on 127.0.0.1:60158
1520209167851	geckodriver::marionette	INFO	Starting browser C:\Program Files (x86)\Mozilla Firefox\firefox.exe with args ["-marionette"]
Unable to read VR Path Registry from C:\Users\CrazyDog\AppData\Local\openvr\openvrpaths.vrpath
1520209169257	Marionette	INFO	Enabled via --marionette
Unable to read VR Path Registry from C:\Users\CrazyDog\AppData\Local\openvr\openvrpaths.vrpath
Unable to read VR Path Registry from C:\Users\CrazyDog\AppData\Local\openvr\openvrpaths.vrpath
Unable to read VR Path Registry from C:\Users\CrazyDog\AppData\Local\openvr\openvrpaths.vrpath
Unable to read VR Path Registry from C:\Users\CrazyDog\AppData\Local\openvr\openvrpaths.vrpath
1520209171280	Marionette	INFO	Listening on port 60165
1520209171449	Marionette	WARN	TLS certificate errors will be ignored for this session
[Parent 11484, Gecko_IOThread] WARNING: pipe error: 109: file z:/build/build/src/ipc/chromium/src/chrome/common/ipc_channel_win.cc, line 346
[Parent 11484, Gecko_IOThread] WARNING: pipe error: 109: file z:/build/build/src/ipc/chromium/src/chrome/common/ipc_channel_win.cc, line 346

###!!! [Child][MessageChannel::SendAndWait] Error: Channel error: cannot send/recv

	Enabled via --marionette
Unable to read VR Path Registry from C:\Users\CrazyDog\AppData\Local\openvr\openvrpaths.vrpath
Unable to read VR Path Registry from C:\Users\CrazyDog\AppData\Local\openvr\openvrpaths.vrpath
Unable to read VR Path Registry from C:\Users\CrazyDog\AppData\Local\openvr\openvrpaths.vrpath
Unable to read VR Path Registry from C:\Users\CrazyDog\AppData\Local\openvr\openvrpaths.vrpath
1520209909929	Marionette	INFO	Listening on port 60332
1520209910300	Marionette	WARN	TLS certificate errors will be ignored for this session
Marionette threw an error: [Exception... "Component returned failure code: 0x80070057 (NS_ERROR_ILLEGAL_VALUE) [nsIMessageSender.sendAsyncMessage]"  nsresult: "0x80070057 (NS_ERROR_ILLEGAL_VALUE)"  location: "JS frame :: chrome://marionette/content/proxy.js :: sendReply_ :: line 272"  data: no]
sendReply_@chrome://marionette/content/proxy.js:272:5
reply@chrome://marionette/content/proxy.js:258:7
sendToServer@chrome://marionette/content/listener.js:686:3
sendError@chrome://marionette/content/listener.js:721:3
dispatch/</<@chrome://marionette/content/listener.js:484:49

*** UTM:SVC TimerManager:registerTimer called after profile-before-change notification. Ignoring timer registration for id: telemetry_modules_ping

###!!! [Child][MessageChannel::SendAndWait] Error: Channel error: cannot send/recv

1520209927825	geckodriver	INFO	geckodriver 0.18.0
1520209927832	geckodriver	INFO	Listening on 127.0.0.1:60375
1520209930059	geckodriver::marionette	INFO	Starting browser C:\Program Files (x86)\Mozilla Firefox\firefox.exe with args ["-marionette"]
Unable to read VR Path Registry from C:\Users\CrazyDog\AppData\Local\openvr\openvrpaths.vrpath
1520209931834	Marionette	INFO	Enabled via --marionette
Unable to read VR Path Registry from C:\Users\CrazyDog\AppData\Local\openvr\openvrpaths.vrpath
Unable to read VR Path Registry from C:\Users\CrazyDog\AppData\Local\openvr\openvrpaths.vrpath
Unable to read VR Path Registry from C:\Users\CrazyDog\AppData\Local\openvr\openvrpaths.vrpath
Unable to read VR Path Registry from C:\Users\CrazyDog\AppData\Local\openvr\openvrpaths.vrpath
1520209934014	Marionette	INFO	Listening on port 60381
1520209934040	Marionette	WARN	TLS certificate errors will be ignored for this session
[Child 616, Chrome_ChildThread] WARNING: pipe error: 109: file z:/build/build/src/ipc/chromium/src/chrome/common/ipc_channel_win.cc, line 346
[Child 616, Chrome_ChildThread] WARNING: pipe error: 109: file z:/build/build/src/ipc/chromium/src[Parent 7288, Gecko_IOThread] WARNING: pipe error: 109: file z:/build/build/src/ipc/chromium/src/chrome/common/ipc_channel_win.cc, line 346
*** UTM:SVC TimerManager:registerTimer called after profile-before-change notification. Ignoring timer registration for id: telemetry_modules_ping

###!!! [Child][MessageChannel::SendAndWait] Error: Channel error: cannot send/recv

1520210194587	geckodriver	INFO	geckodriver 0.18.0
1520210194596	geckodriver	INFO	Listening on 127.0.0.1:60499
1520210196766	geckodriver::marionette	INFO	Starting browser C:\Program Files (x86)\Mozilla Firefox\firefox.exe with args ["-marionette"]
Unable to read VR Path Registry from C:\Users\CrazyDog\AppData\Local\openvr\openvrpaths.vrpath
1520210198105	Marionette	INFO	Enabled via --marionette
Unable to read VR Path Registry from C:\Users\CrazyDog\AppData\Local\openvr\openvrpaths.vrpath
Unable to read VR Path Registry from C:\Users\CrazyDog\AppData\Local\openvr\openvrpaths.vrpath
Unable to read VR Path Registry from C:\Users\CrazyDog\AppData\Local\openvr\openvrpaths.vrpath
Unable to read VR Path Registry from C:\Users\CrazyDog\AppData\Local\openvr\openvrpaths.vrpath
1520210199880	Marionette	INFO	Listening on port 60509
1520210200222	Marionette	WARN	TLS certificate errors will be ignored for this session
[Child 16184, Chrome_ChildThread] WARNING: pipe error: 109: file z:/build/build/src/ipc/chromium/src/chrome/common/ipc_channel_win.cc, line 346
[Child 16184, Chrom[Child 13620, Chrome_ChildThread] WARNING: pipe error: 109: file z:/build/build/src/ipc/chromium/src/chrome/common/ipc_channel_win.cc, line 346
[Child 16076, Chrome_ChildThread] WARNING: pipe error: 109: f
###!!! [Child][MessageChannel::SendAndWait] Error: Channel error: cannot send/recv

1520212433444	geckodriver	INFO	geckodriver 0.18.0
1520212433455	geckodriver	INFO	Listening on 127.0.0.1:60919
1520212435579	geckodriver::marionette	INFO	Starting browser C:\Program Files (x86)\Mozilla Firefox\firefox.exe with args ["-marionette"]
Unable to read VR Path Registry from C:\Users\CrazyDog\AppData\Local\openvr\openvrpaths.vrpath
1520212437086	Marionette	INFO	Enabled via --marionette
Unable to read VR Path Registry from C:\Users\CrazyDog\AppData\Local\openvr\openvrpaths.vrpath
Unable to read VR Path Registry from C:\Users\CrazyDog\AppData\Local\openvr\openvrpaths.vrpath
Unable to read VR Path Registry from C:\Users\CrazyDog\AppData\Local\openvr\openvrpaths.vrpath
1520212439792	Marionette	INFO	Listening on port 60925
Unable to read VR Path Registry from C:\Users\CrazyDog\AppData\Local\openvr\openvrpaths.vrpath
1520212440039	Marionette	WARN	TLS certificate errors will be ignored for this session
Marionette threw an error: [Exception... "Component returned failure code: 0x80070057 (NS_ERROR_ILLEGAL_VALUE) [nsIMessageSender.sendAsyncMessage]"  nsresult: "0x80070057 (NS_ERROR_ILLEGAL_VALUE)"  location: "JS frame :: chrome://marionette/content/proxy.js :: sendReply_ :: line 272"  data: no]
sendReply_@chrome://marionette/content/proxy.js:272:5
reply@chrome://marionette/content/proxy.js:258:7
sendToServer@chrome://marionette/content/listener.js:686:3
sendError@chrome://marionette/content/listener.js:721:3
dispatch/</<@chrome://marionette/content/listener.js:484:49

*** UTM:SVC TimerManager:registerTimer called after profile-before-change notification. Ignoring timer registration for id: telemetry_modules_ping

###!!! [Child][MessageChannel::SendAndWait] Error: Channel error: cannot send/recv

1520212461484	geckodriver	INFO	geckodriver 0.18.0
1520212461499	geckodriver	INFO	Listening on 127.0.0.1:60975
1520212463608	geckodriver::marionette	INFO	Starting browser C:\Program Files (x86)\Mozilla Firefox\firefox.exe with args ["-marionette"]
Unable to read VR Path Registry from C:\Users\CrazyDog\AppData\Local\openvr\openvrpaths.vrpath
1520212464904	Marionette	INFO	Enabled via --marionette
Unable to read VR Path Registry from C:\Users\CrazyDog\AppData\Local\openvr\openvrpaths.vrpath
Unable to read VR Path Registry from C:\Users\CrazyDog\AppData\Local\openvr\openvrpaths.vrpath
Unable to read VR Path Registry from C:\Users\CrazyDog\AppData\Local\openvr\openvrpaths.vrpath
Unable to read VR Path Registry from C:\Users\CrazyDog\AppData\Local\openvr\openvrpaths.vrpath
1520212467396	Marionette	INFO	Listening on port 60981
1520212467645	Marionette	WARN	TLS certificate errors will be ignored for this session
[Child 6748, Chrome_ChildThread] WARNING: pipe error: 109: file z:/build/build/src/ipc/chromium/src/chrome/common/ipc_channel_win.cc, line 346
[Child 6748, Chrome_ChildThread] WARNING: pipe error: 109: file z:/build/build/src/ipc/chromium/src/chrome/commo*** UTM:SVC TimerManager:registerTimer called after profile-before-change notification. Ignoring timer registration for id: telemetry_modules_ping

###!!! [Child][MessageChannel::SendAndWait] Error: Channel error: cannot send/recv

1520212632085	geckodriver	INFO	geckodriver 0.18.0
1520212632097	geckodriver	INFO	Listening on 127.0.0.1:61082
1520212634201	geckodriver::marionette	INFO	Starting browser C:\Program Files (x86)\Mozilla Firefox\firefox.exe with args ["-marionette"]
Unable to read VR Path Registry from C:\Users\CrazyDog\AppData\Local\openvr\openvrpaths.vrpath
1520212635682	Marionette	INFO	Enabled via --marionette
Unable to read VR Path Registry from C:\Users\CrazyDog\AppData\Local\openvr\openvrpaths.vrpath
Unable to read VR Path Registry from C:\Users\CrazyDog\AppData\Local\openvr\openvrpaths.vrpath
Unable to read VR Path Registry from C:\Users\CrazyDog\AppData\Local\openvr\openvrpaths.vrpath
Unable to read VR Path Registry from C:\Users\CrazyDog\AppData\Local\openvr\openvrpaths.vrpath
1520212638279	Marionette	INFO	Listening on port 61089
1520212638733	Marionette	WARN	TLS certificate errors will be ignored for this session
Marionette threw an error: [Exception... "Component returned failure code: 0x80070057 (NS_ERROR_ILLEGAL_VALUE) [nsIMessageSender.sendAsyncMessage]"  nsresult: "0x80070057 (NS_ERROR_ILLEGAL_VALUE)"  location: "JS frame :: chrome://marionette/content/proxy.js :: sendReply_ :: line 272"  data: no]
sendReply_@chrome://marionette/content/proxy.js:272:5
reply@chrome://marionette/content/proxy.js:258:7
sendToServer@chrome://marionette/content/listener.js:686:3
sendError@chrome://marionette/content/listener.js:721:3
dispatch/</<@chrome://marionette/content/listener.js:484:49

*** UTM:SVC TimerManager:registerTimer called after profile-before-change notification. Ignoring timer registration for id: telemetry_modules_ping

###!!! [Child][MessageChannel::SendAndWait] Error: Channel error: cannot send/recv

1520212659124	geckodriver	INFO	geckodriver 0.18.0
1520212659137	geckodriver	INFO	Listening on 127.0.0.1:61138
1520212661250	geckodriver::marionette	INFO	Starting browser C:\Program Files (x86)\Mozilla Firefox\firefox.exe with args ["-marionette"]
Unable to read VR Path Registry from C:\Users\CrazyDog\AppData\Local\openvr\openvrpaths.vrpath
1520212662451	Marionette	INFO	Enabled via --marionette
Unable to read VR Path Registry from C:\Users\CrazyDog\AppData\Local\openvr\openvrpaths.vrpath
Unable to read VR Path Registry from C:\Users\CrazyDog\AppData\Local\openvr\openvrpaths.vrpath
Unable to read VR Path Registry from C:\Users\CrazyDog\AppData\Local\openvr\openvrpaths.vrpath
Unable to read VR Path Registry from C:\Users\CrazyDog\AppData\Local\openvr\openvrpaths.vrpath
1520212664829	Marionette	INFO	Listening on port 61144
1520212665206	Marionette	WARN	TLS certificate errors will be ignored for this session
[C
###!!! [Child][MessageChannel::SendAndWait] Error: Channel error: cannot send/recv

1520212807529	geckodriver	INFO	geckodriver 0.18.0
1520212807539	geckodriver	INFO	Listening on 127.0.0.1:61267
1520212809692	geckodriver::marionette	INFO	Starting browser C:\Program Files (x86)\Mozilla Firefox\firefox.exe with args ["-marionette"]
Unable to read VR Path Registry from C:\Users\CrazyDog\AppData\Local\openvr\openvrpaths.vrpath
1520212811010	Marionette	INFO	Enabled via --marionette
Unable to read VR Path Registry from C:\Users\CrazyDog\AppData\Local\openvr\openvrpaths.vrpath
Unable to read VR Path Registry from C:\Users\CrazyDog\AppData\Local\openvr\openvrpaths.vrpath
Unable to read VR Path Registry from C:\Users\CrazyDog\AppData\Local\openvr\openvrpaths.vrpath
Unable to read VR Path Registry from C:\Users\CrazyDog\AppData\Local\openvr\openvrpaths.vrpath
1520212813370	Marionette	INFO	Listening on port 61273
1520212813688	Marionette	WARN	TLS certificate errors will be ignored for this session
[Child 3812, Chrome_ChildThread] WARNING: pipe error: 109: file z:/build/build/src/ipc/chromium/src/chrome/common/ipc_channel_win.cc, line 346
[Child 3812, Chrome_ChildThread
###!!! [Child][MessageChannel::SendAndWait] Error: Channel error: cannot send/recv

1520213147160	geckodriver	INFO	geckodriver 0.18.0
1520213147172	geckodriver	INFO	Listening on 127.0.0.1:61422
1520213149342	geckodriver::marionette	INFO	Starting browser C:\Program Files (x86)\Mozilla Firefox\firefox.exe with args ["-marionette"]
Unable to read VR Path Registry from C:\Users\CrazyDog\AppData\Local\openvr\openvrpaths.vrpath
1520213150530	Marionette	INFO	Enabled via --marionette
Unable to read VR Path Registry from C:\Users\CrazyDog\AppData\Local\openvr\openvrpaths.vrpath
Unable to read VR Path Registry from C:\Users\CrazyDog\AppData\Local\openvr\openvrpaths.vrpath
Unable to read VR Path Registry from C:\Users\CrazyDog\AppData\Local\openvr\openvrpaths.vrpath
Unable to read VR Path Registry from C:\Users\CrazyDog\AppData\Local\openvr\openvrpaths.vrpath
1520213152877	Marionette	INFO	Listening on port 61428
1520213153320	Marionette	WARN	TLS certificate errors will be ignored for this session
1520213198577	geckodriver	INFO	geckodriver 0.18.0
1520213198588	geckodriver	INFO	Listening on 127.0.0.1:61527
1520213200700	geckodriver::marionette	INFO	Starting browser C:\Program Files (x86)\Mozilla Firefox\firefox.exe with args ["-marionette"]
Unable to read VR Path Registry from C:\Users\CrazyDog\AppData\Local\openvr\openvrpaths.vrpath
1520213201990	Marionette	INFO	Enabled via --marionette
Unable to read VR Path Registry from C:\Users\CrazyDog\AppData\Local\openvr\openvrpaths.vrpath
Unable to read VR Path Registry from C:\Users\CrazyDog\AppData\Local\openvr\openvrpaths.vrpath
Unable to read VR Path Registry from C:\Users\CrazyDog\AppData\Local\openvr\openvrpaths.vrpath
Unable to read VR Path Registry from C:\Users\CrazyDog\AppData\Local\openvr\openvrpaths.vrpath
1520213204358	Marionette	INFO	Listening on port 61533
1520213204797	Marionette	WARN	TLS certificate errors will be ignored for this session

###!!! [Child][MessageChannel::SendAndWait] Error: Channel error: cannot send/recv

1520213851220	geckodriver	INFO	geckodriver 0.18.0
1520213851234	geckodriver	INFO	Listening on 127.0.0.1:62125
1520213853335	geckodriver::marionette	INFO	Starting browser C:\Program Files (x86)\Mozilla Firefox\firefox.exe with args ["-marionette"]
Unable to read VR Path Registry from C:\Users\CrazyDog\AppData\Local\openvr\openvrpaths.vrpath
1520213854991	Marionette	INFO	Enabled via --marionette
Unable to read VR Path Registry from C:\Users\CrazyDog\AppData\Local\openvr\openvrpaths.vrpath
Unable to read VR Path Registry from C:\Users\CrazyDog\AppData\Local\openvr\openvrpaths.vrpath
Unable to read VR Path Registry from C:\Users\CrazyDog\AppData\Local\openvr\openvrpaths.vrpath
Unable to read VR Path Registry from C:\Users\CrazyDog\AppData\Local\openvr\openvrpaths.vrpath
1520213857883	Marionette	INFO	Listening on port 62133
1520213857932	Marionette	WARN	TLS certificate errors will be ignored for this session
Marionette threw an error: [Exception... "Component returned failure code: 0x80070057 (NS_ERROR_ILLEGAL_VALUE) [nsIMessageSender.sendAsyncMessage]"  nsresult: "0x80070057 (NS_ERROR_ILLEGAL_VALUE)"  location: "JS frame :: chrome://marionette/content/proxy.js :: sendReply_ :: line 272"  data: no]
sendReply_@chrome://marionette/content/proxy.js:272:5
reply@chrome://marionette/content/proxy.js:258:7
sendToServer@chrome://marionette/content/listener.js:686:3
sendError@chrome://marionette/content/listener.js:721:3
dispatch/</<@chrome://marionette/content/listener.js:484:49

[*** UTM:SVC TimerManager:registerTimer called after profile-before-change notification. Ignoring timer registration for id: telemetry_modules_ping

###!!! [Child][MessageChannel::SendAndWait] Error: Channel error: cannot send/recv

1520213889447	geckodriver	INFO	geckodriver 0.18.0
1520213889458	geckodriver	INFO	Listening on 127.0.0.1:62186
1520213891562	geckodriver::marionette	INFO	Starting browser C:\Program Files (x86)\Mozilla Firefox\firefox.exe with args ["-marionette"]
Unable to read VR Path Registry from C:\Users\CrazyDog\AppData\Local\openvr\openvrpaths.vrpath
1520213892918	Marionette	INFO	Enabled via --marionette
Unable to read VR Path Registry from C:\Users\CrazyDog\AppData\Local\openvr\openvrpaths.vrpath
Unable to read VR Path Registry from C:\Users\CrazyDog\AppData\Local\openvr\openvrpaths.vrpath
Unable to read VR Path Registry from C:\Users\CrazyDog\AppData\Local\openvr\openvrpaths.vrpath
Unable to read VR Path Registry from C:\Users\CrazyDog\AppData\Local\openvr\openvrpaths.vrpath
1520213895680	Marionette	INFO	Listening on port 62192
1520213896062	Marionette	WARN	TLS certificate errors will be ignored for this session
[Parent 12272, Gecko_IOThread] WARNING: pipe error: 109: file z:/build/build/src/ipc/chromium/src/chrome/common/ipc_channel_win.cc, line 346
[Child 15140, Chrome_ChildThread] WARNING: pipe error: 109: file z:/build/build/src/ipc/chromium/src/chrome/common/ipc_channel_win.cc, line 346
[Child 15140, Chrome_ChildThread] WA
###!!! [Child][MessageChannel::SendAndWait] Error: Channel error: cannot send/recv

1520214599163	geckodriver	INFO	geckodriver 0.18.0
1520214599176	geckodriver	INFO	Listening on 127.0.0.1:62632
1520214601292	geckodriver::marionette	INFO	Starting browser C:\Program Files (x86)\Mozilla Firefox\firefox.exe with args ["-marionette"]
Unable to read VR Path Registry from C:\Users\CrazyDog\AppData\Local\openvr\openvrpaths.vrpath
1520214602966	Marionette	INFO	Enabled via --marionette
Unable to read VR Path Registry from C:\Users\CrazyDog\AppData\Local\openvr\openvrpaths.vrpath
Unable to read VR Path Registry from C:\Users\CrazyDog\AppData\Local\openvr\openvrpaths.vrpath
Unable to read VR Path Registry from C:\Users\CrazyDog\AppData\Local\openvr\openvrpaths.vrpath
Unable to read VR Path Registry from C:\Users\CrazyDog\AppData\Local\openvr\openvrpaths.vrpath
1520214606419	Marionette	INFO	Listening on port 62638
1520214607030	Marionette	WARN	TLS certificate errors will be ignored for this session
[Child 14948, Chrome_ChildThread] WARNING: pipe error: 109: file z:/build/build/src/ipc/chromium/src/chrome/common/ipc_channel_win.cc, line 346
[Child 14948, Chrome_ChildThread][Child 9124, Chrome_ChildThread] WARNING: pipe error: 109: file z:/build/build/src/ipc/chromium/src/chrome/common/ipc_channel_win.cc, line 346
[Child 9124, Chrome_ChildThread] W
###!!! [Child][MessageChannel::SendAndWait] Error: Channel error: cannot send/recv

\CrazyDog\AppData\Local\openvr\openvrpaths.vrpath
Unable to read VR Path Registry from C:\Users\CrazyDog\AppData\Local\openvr\openvrpaths.vrpath
Unable to read VR Path Registry from C:\Users\CrazyDog\AppData\Local\openvr\openvrpaths.vrpath
1520214767812	Marionette	INFO	Listening on port 62759
Unable to read VR Path Registry from C:\Users\CrazyDog\AppData\Local\openvr\openvrpaths.vrpath
1520214768202	Marionette	WARN	TLS certificate errors will be ignored for this session
